<?xml version="1.0" encoding="UTF-8" ?>
<testsuite tests="6" failures="0" name="ru.sbt.mipt.oop.eventprocessors.SignalingAlarmDeactivateProcessorTest" time="0" errors="0" skipped="0">
  <properties>
[...]
</properties>
  <testcase classname="ru.sbt.mipt.oop.eventprocessors.SignalingAlarmDeactivateProcessorTest" name="signallingDeactivateDeactovatedWithRightCodeTest" time="0"/>
  <testcase classname="ru.sbt.mipt.oop.eventprocessors.SignalingAlarmDeactivateProcessorTest" name="signallingDeactivateDeactovatedWithWrongCodeTest" time="0"/>
  <testcase classname="ru.sbt.mipt.oop.eventprocessors.SignalingAlarmDeactivateProcessorTest" name="signallingDectivateFromAlarmWithWrongCodeTest" time="0"/>
  <testcase classname="ru.sbt.mipt.oop.eventprocessors.SignalingAlarmDeactivateProcessorTest" name="signallingDeactivateActivatedWithRightCodeTest" time="0"/>
  <testcase classname="ru.sbt.mipt.oop.eventprocessors.SignalingAlarmDeactivateProcessorTest" name="signallingDeactivateActivatedWithWrongCodeTest" time="0"/>
  <testcase classname="ru.sbt.mipt.oop.eventprocessors.SignalingAlarmDeactivateProcessorTest" name="signallingDeactivateFromAlarmWithRightCodeTest" time="0"/>
</testsuite>